Arguments: 
  C:\Program Files\nodejs\node.exe C:\Users\Varun\AppData\Roaming\npm\node_modules\yarn\bin\yarn.js install

PATH: 
  C:\Users\Varun\bin;C:\Program Files\Git\mingw64\bin;C:\Program Files\Git\usr\local\bin;C:\Program Files\Git\usr\bin;C:\Program Files\Git\usr\bin;C:\Program Files\Git\mingw64\bin;C:\Program Files\Git\usr\bin;C:\Users\Varun\bin;C:\Program Files\ImageMagick-7.0.2-Q16;C:\Python27;C:\Python27\Scripts;C:\Program Files\Git\cmd;C:\Program Files\Git\mingw64\bin;C:\Program Files\Git\usr\bin;C:\Program Files (x86)\Skype\Phone;C:\Program Files (x86)\WinSCP;C:\Windows\System32;C:\Program Files\nodejs;C:\RailsInstaller\Git\cmd;C:\RailsInstaller\Ruby2.1.0\bin;C:\Ruby22\bin;C:\Program Files\Intel\WiFi\bin;C:\Program Files\Common Files\Intel\WirelessCommon;C:\Program Files (x86)\FreeArc\bin;C:\Program Files\MongoDB\Server\3.2\bin;C:\Program Files (x86)\nodejs;C:\Program Files\nodejs;C:\Users\Varun\AppData\Local\atom\bin;C:\Program Files (x86)\Microsoft VS Code\bin; C;C:\Program Files\Git\WINDOWS\System32;C:\Users\Varun\AppData\Roaming\npm;C:\Program Files\Git\usr\bin\vendor_perl;C:\Program Files\Git\usr\bin\core_perl

Yarn version: 
  0.17.8

Node version: 
  6.9.4

Platform: 
  win32 x64

npm manifest: 
  {
    "name": "wb-learnup",
    "version": "1.0.0",
    "description": "",
    "main": "index.js",
    "scripts": {
      "dev": "webpack-dev-server --hot --inline",
      "prod": "webpack --config webpack-production.config.js -p"
    },
    "author": "",
    "license": "ISC",
    "devDependencies": {
      "babel-core": "^6.22.1",
      "babel-loader": "^6.2.10",
      "babel-preset-es2015": "^6.22.0",
      "babel-preset-react": "^6.22.0",
      "css-loader": "^0.26.1",
      "eslint": "^3.14.1",
      "eslint-loader": "^1.6.1",
      "express": "^4.14.1",
      "extract-text-webpack-plugin": "^1.0.1",
      "html-loader": "^0.4.4",
      "html-webpack-plugin": "^2.26.0",
      "node-libs-browser": "^2.0.0",
      "node-sass": "^3.13.1",
      "sass-loader": "^4.0.2",
      "postcss": "^5.2.11",
      "postcss-loader": "^1.2.2",
      "strip-loader": "^0.1.2",
      "style-loader": "^0.13.1",
      "webpack": "^1.14.0",
      "webpack-dev-server": "^1.16.2"
    }
  }

yarn manifest: 
  No manifest

Lockfile: 
  No lockfile

Trace: 
  Error: EPERM: operation not permitted, unlink 'C:\Users\Varun\Desktop\lollypop hack\node_modules\acorn-jsx\node_modules\.bin'
      at Error (native)
